[debug] [2021-01-25T03:23:48.038Z] ----------------------------------------------------------------------
[debug] [2021-01-25T03:23:48.040Z] Command:       /usr/local/bin/node /usr/local/bin/firebase emulators:start
[debug] [2021-01-25T03:23:48.041Z] CLI Version:   9.1.0
[debug] [2021-01-25T03:23:48.041Z] Platform:      darwin
[debug] [2021-01-25T03:23:48.041Z] Node Version:  v10.16.3
[debug] [2021-01-25T03:23:48.041Z] Time:          Sun Jan 24 2021 19:23:48 GMT-0800 (Pacific Standard Time)
[debug] [2021-01-25T03:23:48.042Z] ----------------------------------------------------------------------
[debug] [2021-01-25T03:23:48.042Z] 
[debug] [2021-01-25T03:23:48.044Z] >>> [apiv2][query] GET https://firebase-public.firebaseio.com/cli.json [none]
[debug] [2021-01-25T03:23:48.068Z] > command requires scopes: ["email","openid","https://www.googleapis.com/auth/cloudplatformprojects.readonly","https://www.googleapis.com/auth/firebase","https://www.googleapis.com/auth/cloud-platform"]
[debug] [2021-01-25T03:23:48.069Z] > authorizing via signed-in user
[info] i  emulators: Starting emulators: functions, hosting {"metadata":{"emulator":{"name":"hub"},"message":"Starting emulators: functions, hosting"}}
[debug] [2021-01-25T03:23:48.086Z] [hub] writing locator at /var/folders/ht/jz3b3qvs2bq86hz34n9qff180000gn/T/hub-clone-f7b9a.json
[warn] ⚠  functions: The following emulators are not running, calls to these services from the Functions emulator will affect production: auth, firestore, database, pubsub {"metadata":{"emulator":{"name":"functions"},"message":"The following emulators are not running, calls to these services from the Functions emulator will affect production: \u001b[1mauth, firestore, database, pubsub\u001b[22m"}}
[warn] ⚠  Your requested "node" version "12" doesn't match your global version "10" {"metadata":{"emulator":{"name":"functions"},"message":"Your requested \"node\" version \"12\" doesn't match your global version \"10\""}}
[debug] [2021-01-25T03:23:48.126Z] defaultcredentials: writing to file /Users/robertsmac/.config/firebase/rmpcoding_gmail_com_application_default_credentials.json
[debug] [2021-01-25T03:23:48.128Z] Setting GAC to /Users/robertsmac/.config/firebase/rmpcoding_gmail_com_application_default_credentials.json {"metadata":{"emulator":{"name":"functions"},"message":"Setting GAC to /Users/robertsmac/.config/firebase/rmpcoding_gmail_com_application_default_credentials.json"}}
[debug] [2021-01-25T03:23:48.134Z] > refreshing access token with scopes: ["email","https://www.googleapis.com/auth/cloud-platform","https://www.googleapis.com/auth/cloudplatformprojects.readonly","https://www.googleapis.com/auth/firebase","openid"]
[debug] [2021-01-25T03:23:48.134Z] >>> HTTP REQUEST POST https://www.googleapis.com/oauth2/v3/token  
 <request body omitted>
[debug] [2021-01-25T03:23:48.282Z] <<< HTTP RESPONSE 200 {"expires":"Mon, 01 Jan 1990 00:00:00 GMT","cache-control":"no-cache, no-store, max-age=0, must-revalidate","pragma":"no-cache","date":"Mon, 25 Jan 2021 03:23:48 GMT","content-type":"application/json; charset=utf-8","vary":"X-Origin, Referer, Origin,Accept-Encoding","server":"scaffolding on HTTPServer2","x-xss-protection":"0","x-frame-options":"SAMEORIGIN","x-content-type-options":"nosniff","alt-svc":"h3-29=\":443\"; ma=2592000,h3-T051=\":443\"; ma=2592000,h3-Q050=\":443\"; ma=2592000,h3-Q046=\":443\"; ma=2592000,h3-Q043=\":443\"; ma=2592000,quic=\":443\"; ma=2592000; v=\"46,43\"","accept-ranges":"none","transfer-encoding":"chunked"}
[debug] [2021-01-25T03:23:48.311Z] >>> HTTP REQUEST GET https://firebase.googleapis.com/v1beta1/projects/clone-f7b9a/webApps/-/config  
 
[debug] [2021-01-25T03:23:48.394Z] <<< [apiv2][status] GET https://firebase-public.firebaseio.com/cli.json 200
[debug] [2021-01-25T03:23:48.394Z] <<< [apiv2][body] GET https://firebase-public.firebaseio.com/cli.json {"cloudBuildErrorAfter":1594252800000,"cloudBuildWarnAfter":1590019200000,"defaultNode10After":1594252800000,"minVersion":"3.0.5","node8DeploysDisabledAfter":1613390400000,"node8RuntimeDisabledAfter":1615809600000,"node8WarnAfter":1600128000000}
[debug] [2021-01-25T03:23:48.969Z] <<< HTTP RESPONSE 200 {"content-type":"application/json; charset=UTF-8","vary":"X-Origin, Referer, Origin,Accept-Encoding","date":"Mon, 25 Jan 2021 03:23:48 GMT","server":"ESF","cache-control":"private","x-xss-protection":"0","x-frame-options":"SAMEORIGIN","x-content-type-options":"nosniff","alt-svc":"h3-29=\":443\"; ma=2592000,h3-T051=\":443\"; ma=2592000,h3-Q050=\":443\"; ma=2592000,h3-Q046=\":443\"; ma=2592000,h3-Q043=\":443\"; ma=2592000,quic=\":443\"; ma=2592000; v=\"46,43\"","accept-ranges":"none","transfer-encoding":"chunked"}
[info] i  hosting: Serving hosting files from: build {"metadata":{"emulator":{"name":"hosting"},"message":"Serving hosting files from: \u001b[1mbuild\u001b[22m"}}
[info] ✔  hosting: Local server: http://localhost:5000 {"metadata":{"emulator":{"name":"hosting"},"message":"Local server: \u001b[4m\u001b[1mhttp://localhost:5000\u001b[22m\u001b[24m"}}
[debug] [2021-01-25T03:23:49.283Z] Ignoring unsupported arg: auto_download {"metadata":{"emulator":{"name":"ui"},"message":"Ignoring unsupported arg: auto_download"}}
[debug] [2021-01-25T03:23:49.284Z] Ignoring unsupported arg: port {"metadata":{"emulator":{"name":"ui"},"message":"Ignoring unsupported arg: port"}}
[debug] [2021-01-25T03:23:49.284Z] Starting Emulator UI with command {"binary":"node","args":["/Users/robertsmac/.cache/firebase/emulators/ui-v1.4.1/server.bundle.js"],"optionalArgs":[],"joinArgs":false} {"metadata":{"emulator":{"name":"ui"},"message":"Starting Emulator UI with command {\"binary\":\"node\",\"args\":[\"/Users/robertsmac/.cache/firebase/emulators/ui-v1.4.1/server.bundle.js\"],\"optionalArgs\":[],\"joinArgs\":false}"}}
[info] i  ui: Emulator UI logging to ui-debug.log {"metadata":{"emulator":{"name":"ui"},"message":"Emulator UI logging to \u001b[1mui-debug.log\u001b[22m"}}
[debug] [2021-01-25T03:23:49.421Z] Web / API server started at http://localhost:4000
 {"metadata":{"emulator":{"name":"ui"},"message":"Web / API server started at http://localhost:4000\n"}}
[info] i  functions: Watching "/Users/robertsmac/Documents/Developer/JavaScript-Projects/react-clones/amazon-clone/functions" for Cloud Functions... {"metadata":{"emulator":{"name":"functions"},"message":"Watching \"/Users/robertsmac/Documents/Developer/JavaScript-Projects/react-clones/amazon-clone/functions\" for Cloud Functions..."}}
[debug] [2021-01-25T03:23:49.548Z] [worker-pool] addWorker(~diagnostic~) {"metadata":{"emulator":{"name":"functions"},"message":"[worker-pool] addWorker(~diagnostic~)"}}
[debug] [2021-01-25T03:23:49.548Z] [worker-pool] Adding worker with key ~diagnostic~, total=1 {"metadata":{"emulator":{"name":"functions"},"message":"[worker-pool] Adding worker with key ~diagnostic~, total=1"}}
[debug] [2021-01-25T03:23:49.548Z] [worker-pool] submitWork(triggerId=) {"metadata":{"emulator":{"name":"functions"},"message":"[worker-pool] submitWork(triggerId=)"}}
[debug] [2021-01-25T03:23:49.548Z] [worker-~diagnostic~-b9a9e6dc-2502-4d66-a893-f610b5c1236c]: Assigning socketPath: /var/folders/ht/jz3b3qvs2bq86hz34n9qff180000gn/T/fire_emu_4851.sock {"metadata":{"emulator":{"name":"functions"},"message":"[worker-~diagnostic~-b9a9e6dc-2502-4d66-a893-f610b5c1236c]: Assigning socketPath: /var/folders/ht/jz3b3qvs2bq86hz34n9qff180000gn/T/fire_emu_4851.sock"}}
[debug] [2021-01-25T03:23:49.549Z] [worker-~diagnostic~-b9a9e6dc-2502-4d66-a893-f610b5c1236c]: BUSY {"metadata":{"emulator":{"name":"functions"},"message":"[worker-~diagnostic~-b9a9e6dc-2502-4d66-a893-f610b5c1236c]: BUSY"}}
[debug] [2021-01-25T03:23:49.710Z] [runtime-status] [4851] Functions runtime initialized. {"cwd":"/Users/robertsmac/Documents/Developer/JavaScript-Projects/react-clones/amazon-clone/functions","node_version":"10.16.3"} {"metadata":{"emulator":{"name":"functions"},"message":"[runtime-status] [4851] Functions runtime initialized. {\"cwd\":\"/Users/robertsmac/Documents/Developer/JavaScript-Projects/react-clones/amazon-clone/functions\",\"node_version\":\"10.16.3\"}"}}
[debug] [2021-01-25T03:23:49.712Z] [runtime-status] [4851] Disabled runtime features: undefined {"metadata":{"emulator":{"name":"functions"},"message":"[runtime-status] [4851] Disabled runtime features: undefined"}}
[debug] [2021-01-25T03:23:49.716Z] [runtime-status] [4851] Resolved module firebase-admin {"declared":true,"installed":true,"version":"9.4.2","resolution":"/Users/robertsmac/Documents/Developer/JavaScript-Projects/react-clones/amazon-clone/functions/node_modules/firebase-admin/lib/index.js"} {"metadata":{"emulator":{"name":"functions"},"message":"[runtime-status] [4851] Resolved module firebase-admin {\"declared\":true,\"installed\":true,\"version\":\"9.4.2\",\"resolution\":\"/Users/robertsmac/Documents/Developer/JavaScript-Projects/react-clones/amazon-clone/functions/node_modules/firebase-admin/lib/index.js\"}"}}
[debug] [2021-01-25T03:23:49.718Z] [runtime-status] [4851] Resolved module firebase-functions {"declared":true,"installed":true,"version":"3.13.1","resolution":"/Users/robertsmac/Documents/Developer/JavaScript-Projects/react-clones/amazon-clone/functions/node_modules/firebase-functions/lib/index.js"} {"metadata":{"emulator":{"name":"functions"},"message":"[runtime-status] [4851] Resolved module firebase-functions {\"declared\":true,\"installed\":true,\"version\":\"3.13.1\",\"resolution\":\"/Users/robertsmac/Documents/Developer/JavaScript-Projects/react-clones/amazon-clone/functions/node_modules/firebase-functions/lib/index.js\"}"}}
[debug] [2021-01-25T03:23:49.719Z] [runtime-status] [4851] Resolved module firebase-functions {"declared":true,"installed":true,"version":"3.13.1","resolution":"/Users/robertsmac/Documents/Developer/JavaScript-Projects/react-clones/amazon-clone/functions/node_modules/firebase-functions/lib/index.js"} {"metadata":{"emulator":{"name":"functions"},"message":"[runtime-status] [4851] Resolved module firebase-functions {\"declared\":true,\"installed\":true,\"version\":\"3.13.1\",\"resolution\":\"/Users/robertsmac/Documents/Developer/JavaScript-Projects/react-clones/amazon-clone/functions/node_modules/firebase-functions/lib/index.js\"}"}}
[debug] [2021-01-25T03:23:49.722Z] [runtime-status] [4851] Outgoing network have been stubbed. [{"name":"http","status":"mocked"},{"name":"http","status":"mocked"},{"name":"https","status":"mocked"},{"name":"https","status":"mocked"},{"name":"net","status":"mocked"}] {"metadata":{"emulator":{"name":"functions"},"message":"[runtime-status] [4851] Outgoing network have been stubbed. [{\"name\":\"http\",\"status\":\"mocked\"},{\"name\":\"http\",\"status\":\"mocked\"},{\"name\":\"https\",\"status\":\"mocked\"},{\"name\":\"https\",\"status\":\"mocked\"},{\"name\":\"net\",\"status\":\"mocked\"}]"}}
[debug] [2021-01-25T03:23:49.723Z] [runtime-status] [4851] Resolved module firebase-functions {"declared":true,"installed":true,"version":"3.13.1","resolution":"/Users/robertsmac/Documents/Developer/JavaScript-Projects/react-clones/amazon-clone/functions/node_modules/firebase-functions/lib/index.js"} {"metadata":{"emulator":{"name":"functions"},"message":"[runtime-status] [4851] Resolved module firebase-functions {\"declared\":true,\"installed\":true,\"version\":\"3.13.1\",\"resolution\":\"/Users/robertsmac/Documents/Developer/JavaScript-Projects/react-clones/amazon-clone/functions/node_modules/firebase-functions/lib/index.js\"}"}}
[debug] [2021-01-25T03:23:49.780Z] [runtime-status] [4851] Checked functions.config() {"config":{}} {"metadata":{"emulator":{"name":"functions"},"message":"[runtime-status] [4851] Checked functions.config() {\"config\":{}}"}}
[debug] [2021-01-25T03:23:49.780Z] [runtime-status] [4851] firebase-functions has been stubbed. {"functionsResolution":{"declared":true,"installed":true,"version":"3.13.1","resolution":"/Users/robertsmac/Documents/Developer/JavaScript-Projects/react-clones/amazon-clone/functions/node_modules/firebase-functions/lib/index.js"}} {"metadata":{"emulator":{"name":"functions"},"message":"[runtime-status] [4851] firebase-functions has been stubbed. {\"functionsResolution\":{\"declared\":true,\"installed\":true,\"version\":\"3.13.1\",\"resolution\":\"/Users/robertsmac/Documents/Developer/JavaScript-Projects/react-clones/amazon-clone/functions/node_modules/firebase-functions/lib/index.js\"}}"}}
[debug] [2021-01-25T03:23:49.780Z] [runtime-status] [4851] Resolved module firebase-functions {"declared":true,"installed":true,"version":"3.13.1","resolution":"/Users/robertsmac/Documents/Developer/JavaScript-Projects/react-clones/amazon-clone/functions/node_modules/firebase-functions/lib/index.js"} {"metadata":{"emulator":{"name":"functions"},"message":"[runtime-status] [4851] Resolved module firebase-functions {\"declared\":true,\"installed\":true,\"version\":\"3.13.1\",\"resolution\":\"/Users/robertsmac/Documents/Developer/JavaScript-Projects/react-clones/amazon-clone/functions/node_modules/firebase-functions/lib/index.js\"}"}}
[debug] [2021-01-25T03:23:49.781Z] [runtime-status] [4851] Resolved module firebase-admin {"declared":true,"installed":true,"version":"9.4.2","resolution":"/Users/robertsmac/Documents/Developer/JavaScript-Projects/react-clones/amazon-clone/functions/node_modules/firebase-admin/lib/index.js"} {"metadata":{"emulator":{"name":"functions"},"message":"[runtime-status] [4851] Resolved module firebase-admin {\"declared\":true,\"installed\":true,\"version\":\"9.4.2\",\"resolution\":\"/Users/robertsmac/Documents/Developer/JavaScript-Projects/react-clones/amazon-clone/functions/node_modules/firebase-admin/lib/index.js\"}"}}
[debug] [2021-01-25T03:23:49.782Z] [runtime-status] [4851] Resolved module firebase-functions {"declared":true,"installed":true,"version":"3.13.1","resolution":"/Users/robertsmac/Documents/Developer/JavaScript-Projects/react-clones/amazon-clone/functions/node_modules/firebase-functions/lib/index.js"} {"metadata":{"emulator":{"name":"functions"},"message":"[runtime-status] [4851] Resolved module firebase-functions {\"declared\":true,\"installed\":true,\"version\":\"3.13.1\",\"resolution\":\"/Users/robertsmac/Documents/Developer/JavaScript-Projects/react-clones/amazon-clone/functions/node_modules/firebase-functions/lib/index.js\"}"}}
[debug] [2021-01-25T03:23:49.782Z] [runtime-status] [4851] firebase-admin has been stubbed. {"adminResolution":{"declared":true,"installed":true,"version":"9.4.2","resolution":"/Users/robertsmac/Documents/Developer/JavaScript-Projects/react-clones/amazon-clone/functions/node_modules/firebase-admin/lib/index.js"}} {"metadata":{"emulator":{"name":"functions"},"message":"[runtime-status] [4851] firebase-admin has been stubbed. {\"adminResolution\":{\"declared\":true,\"installed\":true,\"version\":\"9.4.2\",\"resolution\":\"/Users/robertsmac/Documents/Developer/JavaScript-Projects/react-clones/amazon-clone/functions/node_modules/firebase-admin/lib/index.js\"}}"}}
[info] ✔  functions[api]: http function initialized (http://localhost:5001/clone-f7b9a/us-central1/api). {"metadata":{"emulator":{"name":"functions"},"message":"\u001b[1mhttp\u001b[22m function initialized (http://localhost:5001/clone-f7b9a/us-central1/api)."}}
[info] 
┌─────────────────────────────────────────────────────────────┐
│ ✔  All emulators ready! It is now safe to connect your app. │
│ i  View Emulator UI at http://localhost:4000                │
└─────────────────────────────────────────────────────────────┘

┌───────────┬────────────────┬─────────────────────────────────┐
│ Emulator  │ Host:Port      │ View in Emulator UI             │
├───────────┼────────────────┼─────────────────────────────────┤
│ Functions │ localhost:5001 │ http://localhost:4000/functions │
├───────────┼────────────────┼─────────────────────────────────┤
│ Hosting   │ localhost:5000 │ n/a                             │
└───────────┴────────────────┴─────────────────────────────────┘
  Emulator Hub running at localhost:4400
  Other reserved ports: 4500

Issues? Report them at https://github.com/firebase/firebase-tools/issues and attach the *-debug.log files.
 
[debug] [2021-01-25T03:23:49.949Z] [worker-~diagnostic~-b9a9e6dc-2502-4d66-a893-f610b5c1236c]: IDLE {"metadata":{"emulator":{"name":"functions"},"message":"[worker-~diagnostic~-b9a9e6dc-2502-4d66-a893-f610b5c1236c]: IDLE"}}
[debug] [2021-01-25T03:24:07.688Z] [work-queue] {"queueLength":1,"workRunningCount":0}
[debug] [2021-01-25T03:24:07.688Z] [work-queue] {"queueLength":0,"workRunningCount":1}
[debug] [2021-01-25T03:24:07.689Z] Accepted request POST /clone-f7b9a/us-central1/api/payments/create?total=2156 --> api
[debug] [2021-01-25T03:24:07.693Z] [worker-pool] addWorker(api) {"metadata":{"emulator":{"name":"functions"},"message":"[worker-pool] addWorker(api)"}}
[debug] [2021-01-25T03:24:07.693Z] [worker-pool] Adding worker with key api, total=1 {"metadata":{"emulator":{"name":"functions"},"message":"[worker-pool] Adding worker with key api, total=1"}}
[debug] [2021-01-25T03:24:07.693Z] [worker-pool] submitWork(triggerId=api) {"metadata":{"emulator":{"name":"functions"},"message":"[worker-pool] submitWork(triggerId=api)"}}
[debug] [2021-01-25T03:24:07.694Z] [worker-api-ead4c1ee-1bb5-47ff-b34b-cea334224d31]: Assigning socketPath: /var/folders/ht/jz3b3qvs2bq86hz34n9qff180000gn/T/fire_emu_4875.sock {"metadata":{"emulator":{"name":"functions"},"message":"[worker-api-ead4c1ee-1bb5-47ff-b34b-cea334224d31]: Assigning socketPath: /var/folders/ht/jz3b3qvs2bq86hz34n9qff180000gn/T/fire_emu_4875.sock"}}
[debug] [2021-01-25T03:24:07.694Z] [worker-api-ead4c1ee-1bb5-47ff-b34b-cea334224d31]: BUSY {"metadata":{"emulator":{"name":"functions"},"message":"[worker-api-ead4c1ee-1bb5-47ff-b34b-cea334224d31]: BUSY"}}
[debug] [2021-01-25T03:24:07.868Z] [runtime-status] [4875] Functions runtime initialized. {"cwd":"/Users/robertsmac/Documents/Developer/JavaScript-Projects/react-clones/amazon-clone/functions","node_version":"10.16.3"} {"metadata":{"emulator":{"name":"functions"},"function":{"name":"api"},"message":"[runtime-status] [4875] Functions runtime initialized. {\"cwd\":\"/Users/robertsmac/Documents/Developer/JavaScript-Projects/react-clones/amazon-clone/functions\",\"node_version\":\"10.16.3\"}"}}
[debug] [2021-01-25T03:24:07.870Z] [runtime-status] [4875] Disabled runtime features: undefined {"metadata":{"emulator":{"name":"functions"},"function":{"name":"api"},"message":"[runtime-status] [4875] Disabled runtime features: undefined"}}
[debug] [2021-01-25T03:24:07.874Z] [runtime-status] [4875] Resolved module firebase-admin {"declared":true,"installed":true,"version":"9.4.2","resolution":"/Users/robertsmac/Documents/Developer/JavaScript-Projects/react-clones/amazon-clone/functions/node_modules/firebase-admin/lib/index.js"} {"metadata":{"emulator":{"name":"functions"},"function":{"name":"api"},"message":"[runtime-status] [4875] Resolved module firebase-admin {\"declared\":true,\"installed\":true,\"version\":\"9.4.2\",\"resolution\":\"/Users/robertsmac/Documents/Developer/JavaScript-Projects/react-clones/amazon-clone/functions/node_modules/firebase-admin/lib/index.js\"}"}}
[debug] [2021-01-25T03:24:07.875Z] [runtime-status] [4875] Resolved module firebase-functions {"declared":true,"installed":true,"version":"3.13.1","resolution":"/Users/robertsmac/Documents/Developer/JavaScript-Projects/react-clones/amazon-clone/functions/node_modules/firebase-functions/lib/index.js"} {"metadata":{"emulator":{"name":"functions"},"function":{"name":"api"},"message":"[runtime-status] [4875] Resolved module firebase-functions {\"declared\":true,\"installed\":true,\"version\":\"3.13.1\",\"resolution\":\"/Users/robertsmac/Documents/Developer/JavaScript-Projects/react-clones/amazon-clone/functions/node_modules/firebase-functions/lib/index.js\"}"}}
[debug] [2021-01-25T03:24:07.876Z] [runtime-status] [4875] Resolved module firebase-functions {"declared":true,"installed":true,"version":"3.13.1","resolution":"/Users/robertsmac/Documents/Developer/JavaScript-Projects/react-clones/amazon-clone/functions/node_modules/firebase-functions/lib/index.js"} {"metadata":{"emulator":{"name":"functions"},"function":{"name":"api"},"message":"[runtime-status] [4875] Resolved module firebase-functions {\"declared\":true,\"installed\":true,\"version\":\"3.13.1\",\"resolution\":\"/Users/robertsmac/Documents/Developer/JavaScript-Projects/react-clones/amazon-clone/functions/node_modules/firebase-functions/lib/index.js\"}"}}
[debug] [2021-01-25T03:24:07.879Z] [runtime-status] [4875] Outgoing network have been stubbed. [{"name":"http","status":"mocked"},{"name":"http","status":"mocked"},{"name":"https","status":"mocked"},{"name":"https","status":"mocked"},{"name":"net","status":"mocked"}] {"metadata":{"emulator":{"name":"functions"},"function":{"name":"api"},"message":"[runtime-status] [4875] Outgoing network have been stubbed. [{\"name\":\"http\",\"status\":\"mocked\"},{\"name\":\"http\",\"status\":\"mocked\"},{\"name\":\"https\",\"status\":\"mocked\"},{\"name\":\"https\",\"status\":\"mocked\"},{\"name\":\"net\",\"status\":\"mocked\"}]"}}
[debug] [2021-01-25T03:24:07.879Z] [runtime-status] [4875] Resolved module firebase-functions {"declared":true,"installed":true,"version":"3.13.1","resolution":"/Users/robertsmac/Documents/Developer/JavaScript-Projects/react-clones/amazon-clone/functions/node_modules/firebase-functions/lib/index.js"} {"metadata":{"emulator":{"name":"functions"},"function":{"name":"api"},"message":"[runtime-status] [4875] Resolved module firebase-functions {\"declared\":true,\"installed\":true,\"version\":\"3.13.1\",\"resolution\":\"/Users/robertsmac/Documents/Developer/JavaScript-Projects/react-clones/amazon-clone/functions/node_modules/firebase-functions/lib/index.js\"}"}}
[debug] [2021-01-25T03:24:07.912Z] [runtime-status] [4875] Checked functions.config() {"config":{}} {"metadata":{"emulator":{"name":"functions"},"function":{"name":"api"},"message":"[runtime-status] [4875] Checked functions.config() {\"config\":{}}"}}
[debug] [2021-01-25T03:24:07.912Z] [runtime-status] [4875] firebase-functions has been stubbed. {"functionsResolution":{"declared":true,"installed":true,"version":"3.13.1","resolution":"/Users/robertsmac/Documents/Developer/JavaScript-Projects/react-clones/amazon-clone/functions/node_modules/firebase-functions/lib/index.js"}} {"metadata":{"emulator":{"name":"functions"},"function":{"name":"api"},"message":"[runtime-status] [4875] firebase-functions has been stubbed. {\"functionsResolution\":{\"declared\":true,\"installed\":true,\"version\":\"3.13.1\",\"resolution\":\"/Users/robertsmac/Documents/Developer/JavaScript-Projects/react-clones/amazon-clone/functions/node_modules/firebase-functions/lib/index.js\"}}"}}
[debug] [2021-01-25T03:24:07.913Z] [runtime-status] [4875] Resolved module firebase-functions {"declared":true,"installed":true,"version":"3.13.1","resolution":"/Users/robertsmac/Documents/Developer/JavaScript-Projects/react-clones/amazon-clone/functions/node_modules/firebase-functions/lib/index.js"} {"metadata":{"emulator":{"name":"functions"},"function":{"name":"api"},"message":"[runtime-status] [4875] Resolved module firebase-functions {\"declared\":true,\"installed\":true,\"version\":\"3.13.1\",\"resolution\":\"/Users/robertsmac/Documents/Developer/JavaScript-Projects/react-clones/amazon-clone/functions/node_modules/firebase-functions/lib/index.js\"}"}}
[debug] [2021-01-25T03:24:07.913Z] [runtime-status] [4875] Resolved module firebase-admin {"declared":true,"installed":true,"version":"9.4.2","resolution":"/Users/robertsmac/Documents/Developer/JavaScript-Projects/react-clones/amazon-clone/functions/node_modules/firebase-admin/lib/index.js"} {"metadata":{"emulator":{"name":"functions"},"function":{"name":"api"},"message":"[runtime-status] [4875] Resolved module firebase-admin {\"declared\":true,\"installed\":true,\"version\":\"9.4.2\",\"resolution\":\"/Users/robertsmac/Documents/Developer/JavaScript-Projects/react-clones/amazon-clone/functions/node_modules/firebase-admin/lib/index.js\"}"}}
[debug] [2021-01-25T03:24:07.914Z] [runtime-status] [4875] Resolved module firebase-functions {"declared":true,"installed":true,"version":"3.13.1","resolution":"/Users/robertsmac/Documents/Developer/JavaScript-Projects/react-clones/amazon-clone/functions/node_modules/firebase-functions/lib/index.js"} {"metadata":{"emulator":{"name":"functions"},"function":{"name":"api"},"message":"[runtime-status] [4875] Resolved module firebase-functions {\"declared\":true,\"installed\":true,\"version\":\"3.13.1\",\"resolution\":\"/Users/robertsmac/Documents/Developer/JavaScript-Projects/react-clones/amazon-clone/functions/node_modules/firebase-functions/lib/index.js\"}"}}
[debug] [2021-01-25T03:24:07.914Z] [runtime-status] [4875] firebase-admin has been stubbed. {"adminResolution":{"declared":true,"installed":true,"version":"9.4.2","resolution":"/Users/robertsmac/Documents/Developer/JavaScript-Projects/react-clones/amazon-clone/functions/node_modules/firebase-admin/lib/index.js"}} {"metadata":{"emulator":{"name":"functions"},"function":{"name":"api"},"message":"[runtime-status] [4875] firebase-admin has been stubbed. {\"adminResolution\":{\"declared\":true,\"installed\":true,\"version\":\"9.4.2\",\"resolution\":\"/Users/robertsmac/Documents/Developer/JavaScript-Projects/react-clones/amazon-clone/functions/node_modules/firebase-admin/lib/index.js\"}}"}}
[debug] [2021-01-25T03:24:07.994Z] [runtime-status] [4875] Trigger "api" has been found, beginning invocation! {"metadata":{"emulator":{"name":"functions"},"function":{"name":"api"},"message":"[runtime-status] [4875] Trigger \"api\" has been found, beginning invocation!"}}
[info] i  functions: Beginning execution of "api" {"metadata":{"emulator":{"name":"functions"},"function":{"name":"api"},"message":"Beginning execution of \"api\""}}
[debug] [2021-01-25T03:24:07.994Z] [runtime-status] [4875] triggerDefinition {"httpsTrigger":{},"name":"api","entryPoint":"api"} {"metadata":{"emulator":{"name":"functions"},"function":{"name":"api"},"message":"[runtime-status] [4875] triggerDefinition {\"httpsTrigger\":{},\"name\":\"api\",\"entryPoint\":\"api\"}"}}
[debug] [2021-01-25T03:24:07.994Z] [runtime-status] [4875] Running api in mode HTTPS {"metadata":{"emulator":{"name":"functions"},"function":{"name":"api"},"message":"[runtime-status] [4875] Running api in mode HTTPS"}}
[debug] [2021-01-25T03:24:07.998Z] [runtime-status] [4875] Attempting to listen to socketPath: /var/folders/ht/jz3b3qvs2bq86hz34n9qff180000gn/T/fire_emu_4875.sock {"metadata":{"emulator":{"name":"functions"},"function":{"name":"api"},"message":"[runtime-status] [4875] Attempting to listen to socketPath: /var/folders/ht/jz3b3qvs2bq86hz34n9qff180000gn/T/fire_emu_4875.sock"}}
[debug] [2021-01-25T03:24:08.002Z] [functions] Runtime ready! Sending request! {"metadata":{"emulator":{"name":"functions"},"message":"[functions] Runtime ready! Sending request!"}}
[debug] [2021-01-25T03:24:08.012Z] [runtime-status] [4875] Ephemeral server handling POST request {"metadata":{"emulator":{"name":"functions"},"function":{"name":"api"},"message":"[runtime-status] [4875] Ephemeral server handling POST request"}}
[info] >  Payment Request Received => 2156 {"user":"Payment Request Received => 2156","metadata":{"emulator":{"name":"functions"},"function":{"name":"api"},"message":"\u001b[90m> \u001b[39m Payment Request Received => 2156"}}
[debug] [2021-01-25T03:24:08.026Z] [runtime-status] [4875] Ephemeral server survived. {"metadata":{"emulator":{"name":"functions"},"function":{"name":"api"},"message":"[runtime-status] [4875] Ephemeral server survived."}}
[info] i  functions: Finished "api" in ~1s {"metadata":{"emulator":{"name":"functions"},"function":{"name":"api"},"message":"Finished \"api\" in ~1s"}}
[debug] [2021-01-25T03:24:08.491Z] [worker-api-ead4c1ee-1bb5-47ff-b34b-cea334224d31]: IDLE {"metadata":{"emulator":{"name":"functions"},"message":"[worker-api-ead4c1ee-1bb5-47ff-b34b-cea334224d31]: IDLE"}}
[debug] [2021-01-25T03:24:08.491Z] [work-queue] {"queueLength":0,"workRunningCount":0}
[debug] [2021-01-25T03:24:20.038Z] [work-queue] {"queueLength":1,"workRunningCount":0}
[debug] [2021-01-25T03:24:20.038Z] [work-queue] {"queueLength":0,"workRunningCount":1}
[debug] [2021-01-25T03:24:20.038Z] Accepted request POST /clone-f7b9a/us-central1/api/payments/create?total=0 --> api
[debug] [2021-01-25T03:24:20.038Z] [worker-pool] submitWork(triggerId=api) {"metadata":{"emulator":{"name":"functions"},"message":"[worker-pool] submitWork(triggerId=api)"}}
[debug] [2021-01-25T03:24:20.039Z] [worker-api-ead4c1ee-1bb5-47ff-b34b-cea334224d31]: Assigning socketPath: /var/folders/ht/jz3b3qvs2bq86hz34n9qff180000gn/T/fire_emu_4875.sock {"metadata":{"emulator":{"name":"functions"},"message":"[worker-api-ead4c1ee-1bb5-47ff-b34b-cea334224d31]: Assigning socketPath: /var/folders/ht/jz3b3qvs2bq86hz34n9qff180000gn/T/fire_emu_4875.sock"}}
[debug] [2021-01-25T03:24:20.039Z] [worker-api-ead4c1ee-1bb5-47ff-b34b-cea334224d31]: BUSY {"metadata":{"emulator":{"name":"functions"},"message":"[worker-api-ead4c1ee-1bb5-47ff-b34b-cea334224d31]: BUSY"}}
[debug] [2021-01-25T03:24:20.040Z] [runtime-status] [4875] Trigger "api" has been found, beginning invocation! {"metadata":{"emulator":{"name":"functions"},"function":{"name":"api"},"message":"[runtime-status] [4875] Trigger \"api\" has been found, beginning invocation!"}}
[info] i  functions: Beginning execution of "api" {"metadata":{"emulator":{"name":"functions"},"function":{"name":"api"},"message":"Beginning execution of \"api\""}}
[debug] [2021-01-25T03:24:20.041Z] [runtime-status] [4875] triggerDefinition {"httpsTrigger":{},"name":"api","entryPoint":"api"} {"metadata":{"emulator":{"name":"functions"},"function":{"name":"api"},"message":"[runtime-status] [4875] triggerDefinition {\"httpsTrigger\":{},\"name\":\"api\",\"entryPoint\":\"api\"}"}}
[debug] [2021-01-25T03:24:20.041Z] [runtime-status] [4875] Running api in mode HTTPS {"metadata":{"emulator":{"name":"functions"},"function":{"name":"api"},"message":"[runtime-status] [4875] Running api in mode HTTPS"}}
[debug] [2021-01-25T03:24:20.041Z] [runtime-status] [4875] Attempting to listen to socketPath: /var/folders/ht/jz3b3qvs2bq86hz34n9qff180000gn/T/fire_emu_4875.sock {"metadata":{"emulator":{"name":"functions"},"function":{"name":"api"},"message":"[runtime-status] [4875] Attempting to listen to socketPath: /var/folders/ht/jz3b3qvs2bq86hz34n9qff180000gn/T/fire_emu_4875.sock"}}
[debug] [2021-01-25T03:24:20.043Z] [functions] Runtime ready! Sending request! {"metadata":{"emulator":{"name":"functions"},"message":"[functions] Runtime ready! Sending request!"}}
[debug] [2021-01-25T03:24:20.052Z] [runtime-status] [4875] Ephemeral server handling POST request {"metadata":{"emulator":{"name":"functions"},"function":{"name":"api"},"message":"[runtime-status] [4875] Ephemeral server handling POST request"}}
[info] >  Payment Request Received => 0 {"user":"Payment Request Received => 0","metadata":{"emulator":{"name":"functions"},"function":{"name":"api"},"message":"\u001b[90m> \u001b[39m Payment Request Received => 0"}}
[debug] [2021-01-25T03:24:20.053Z] [runtime-status] [4875] Ephemeral server survived. {"metadata":{"emulator":{"name":"functions"},"function":{"name":"api"},"message":"[runtime-status] [4875] Ephemeral server survived."}}
[info] >  (node:4875) UnhandledPromiseRejectionWarning: Error: This value must be greater than or equal to 1. {"user":"(node:4875) UnhandledPromiseRejectionWarning: Error: This value must be greater than or equal to 1.","metadata":{"emulator":{"name":"functions"},"function":{"name":"api"},"message":"\u001b[90m> \u001b[39m (node:4875) UnhandledPromiseRejectionWarning: Error: This value must be greater than or equal to 1."}}
[info] >      at Function.generate (/Users/robertsmac/Documents/Developer/JavaScript-Projects/react-clones/amazon-clone/functions/node_modules/stripe/lib/Error.js:40:16) {"user":"    at Function.generate (/Users/robertsmac/Documents/Developer/JavaScript-Projects/react-clones/amazon-clone/functions/node_modules/stripe/lib/Error.js:40:16)","metadata":{"emulator":{"name":"functions"},"function":{"name":"api"},"message":"\u001b[90m> \u001b[39m     at Function.generate (/Users/robertsmac/Documents/Developer/JavaScript-Projects/react-clones/amazon-clone/functions/node_modules/stripe/lib/Error.js:40:16)"}}
[info] >      at IncomingMessage.res.once (/Users/robertsmac/Documents/Developer/JavaScript-Projects/react-clones/amazon-clone/functions/node_modules/stripe/lib/StripeResource.js:180:33) {"user":"    at IncomingMessage.res.once (/Users/robertsmac/Documents/Developer/JavaScript-Projects/react-clones/amazon-clone/functions/node_modules/stripe/lib/StripeResource.js:180:33)","metadata":{"emulator":{"name":"functions"},"function":{"name":"api"},"message":"\u001b[90m> \u001b[39m     at IncomingMessage.res.once (/Users/robertsmac/Documents/Developer/JavaScript-Projects/react-clones/amazon-clone/functions/node_modules/stripe/lib/StripeResource.js:180:33)"}}
[info] >      at Object.onceWrapper (events.js:286:20) {"user":"    at Object.onceWrapper (events.js:286:20)","metadata":{"emulator":{"name":"functions"},"function":{"name":"api"},"message":"\u001b[90m> \u001b[39m     at Object.onceWrapper (events.js:286:20)"}}
[info] >      at IncomingMessage.emit (events.js:203:15) {"user":"    at IncomingMessage.emit (events.js:203:15)","metadata":{"emulator":{"name":"functions"},"function":{"name":"api"},"message":"\u001b[90m> \u001b[39m     at IncomingMessage.emit (events.js:203:15)"}}
[info] >      at endReadableNT (_stream_readable.js:1145:12) {"user":"    at endReadableNT (_stream_readable.js:1145:12)","metadata":{"emulator":{"name":"functions"},"function":{"name":"api"},"message":"\u001b[90m> \u001b[39m     at endReadableNT (_stream_readable.js:1145:12)"}}
[info] >      at process._tickCallback (internal/process/next_tick.js:63:19) {"user":"    at process._tickCallback (internal/process/next_tick.js:63:19)","metadata":{"emulator":{"name":"functions"},"function":{"name":"api"},"message":"\u001b[90m> \u001b[39m     at process._tickCallback (internal/process/next_tick.js:63:19)"}}
[info] >  (node:4875) UnhandledPromiseRejectionWarning: Unhandled promise rejection. This error originated either by throwing inside of an async function without a catch block, or by rejecting a promise which was not handled with .catch(). (rejection id: 1) {"user":"(node:4875) UnhandledPromiseRejectionWarning: Unhandled promise rejection. This error originated either by throwing inside of an async function without a catch block, or by rejecting a promise which was not handled with .catch(). (rejection id: 1)","metadata":{"emulator":{"name":"functions"},"function":{"name":"api"},"message":"\u001b[90m> \u001b[39m (node:4875) UnhandledPromiseRejectionWarning: Unhandled promise rejection. This error originated either by throwing inside of an async function without a catch block, or by rejecting a promise which was not handled with .catch(). (rejection id: 1)"}}
[info] >  (node:4875) [DEP0018] DeprecationWarning: Unhandled promise rejections are deprecated. In the future, promise rejections that are not handled will terminate the Node.js process with a non-zero exit code. {"user":"(node:4875) [DEP0018] DeprecationWarning: Unhandled promise rejections are deprecated. In the future, promise rejections that are not handled will terminate the Node.js process with a non-zero exit code.","metadata":{"emulator":{"name":"functions"},"function":{"name":"api"},"message":"\u001b[90m> \u001b[39m (node:4875) [DEP0018] DeprecationWarning: Unhandled promise rejections are deprecated. In the future, promise rejections that are not handled will terminate the Node.js process with a non-zero exit code."}}
